  Compiling CUDA source file kernel.cu...
  
  C:\Users\Altehon\Documents\jeweler\CUDA_Jewels\CUDA_Jewels\Jewels_CPU\Jewels_CPU>"C:\Program Files\NVIDIA GPU Computing Toolkit\CUDA\v8.0\bin\nvcc.exe" -gencode=arch=compute_20,code=\"sm_20,compute_20\" --use-local-env --cl-version 2015 -ccbin "C:\Program Files (x86)\Microsoft Visual Studio 14.0\VC\bin\x86_amd64"  -I"C:\Program Files\NVIDIA GPU Computing Toolkit\CUDA\v8.0\include" -I"C:\Program Files\NVIDIA GPU Computing Toolkit\CUDA\v8.0\include"  -G   --keep-dir x64\Debug -maxrregcount=0  --machine 64 --compile -cudart static  -g   -DWIN32 -DWIN64 -D_DEBUG -D_CONSOLE -D_MBCS -Xcompiler "/EHsc /W3 /nologo /Od /FS /Zi /RTC1 /MDd " -o x64\Debug\kernel.cu.obj "C:\Users\Altehon\Documents\jeweler\CUDA_Jewels\CUDA_Jewels\Jewels_CPU\Jewels_CPU\kernel.cu" 
C:/Users/Altehon/Documents/jeweler/CUDA_Jewels/CUDA_Jewels/Jewels_CPU/Jewels_CPU/kernel.cu(464): warning : variable "automatico" was set but never used
C:/Users/Altehon/Documents/jeweler/CUDA_Jewels/CUDA_Jewels/Jewels_CPU/Jewels_CPU/kernel.cu(465): warning : variable "TILE_WIDTH" was declared but never referenced
C:/Users/Altehon/Documents/jeweler/CUDA_Jewels/CUDA_Jewels/Jewels_CPU/Jewels_CPU/kernel.cu(464): warning : variable "automatico" was set but never used
C:/Users/Altehon/Documents/jeweler/CUDA_Jewels/CUDA_Jewels/Jewels_CPU/Jewels_CPU/kernel.cu(465): warning : variable "TILE_WIDTH" was declared but never referenced
CUDACOMPILE : nvcc warning : The 'compute_20', 'sm_20', and 'sm_21' architectures are deprecated, and may be removed in a future release (Use -Wno-deprecated-gpu-targets to suppress warning).
  kernel.cu
C:/Users/Altehon/Documents/jeweler/CUDA_Jewels/CUDA_Jewels/Jewels_CPU/Jewels_CPU/kernel.cu(35): warning C4244: '=': conversion from 'int' to 'float', possible loss of data
C:/Users/Altehon/Documents/jeweler/CUDA_Jewels/CUDA_Jewels/Jewels_CPU/Jewels_CPU/kernel.cu(40): warning C4244: '=': conversion from 'int' to 'float', possible loss of data
C:/Users/Altehon/Documents/jeweler/CUDA_Jewels/CUDA_Jewels/Jewels_CPU/Jewels_CPU/kernel.cu(45): warning C4244: '=': conversion from 'int' to 'float', possible loss of data
C:/Users/Altehon/Documents/jeweler/CUDA_Jewels/CUDA_Jewels/Jewels_CPU/Jewels_CPU/kernel.cu(80): warning C4244: 'initializing': conversion from 'float' to 'int', possible loss of data
C:/Users/Altehon/Documents/jeweler/CUDA_Jewels/CUDA_Jewels/Jewels_CPU/Jewels_CPU/kernel.cu(81): warning C4244: 'initializing': conversion from 'float' to 'int', possible loss of data
C:/Users/Altehon/Documents/jeweler/CUDA_Jewels/CUDA_Jewels/Jewels_CPU/Jewels_CPU/kernel.cu(72): warning C4477: 'printf' : format string '%i' requires an argument of type 'int', but variadic argument 2 has type 'double'
C:/Users/Altehon/Documents/jeweler/CUDA_Jewels/CUDA_Jewels/Jewels_CPU/Jewels_CPU/kernel.cu(82): warning C4476: 'printf' : unknown type field character ' ' in format specifier
C:/Users/Altehon/Documents/jeweler/CUDA_Jewels/CUDA_Jewels/Jewels_CPU/Jewels_CPU/kernel.cu(82): warning C4778: 'printf' : unterminated format string '%I\n'
C:/Users/Altehon/Documents/jeweler/CUDA_Jewels/CUDA_Jewels/Jewels_CPU/Jewels_CPU/kernel.cu(82): warning C4474: 'printf' : too many arguments passed for format string
  C:/Users/Altehon/Documents/jeweler/CUDA_Jewels/CUDA_Jewels/Jewels_CPU/Jewels_CPU/kernel.cu(82): note: placeholders and their parameters expect 0 variadic arguments, but 2 were provided
C:/Users/Altehon/Documents/jeweler/CUDA_Jewels/CUDA_Jewels/Jewels_CPU/Jewels_CPU/kernel.cu(154): warning C4244: '=': conversion from 'int' to 'float', possible loss of data
C:/Users/Altehon/Documents/jeweler/CUDA_Jewels/CUDA_Jewels/Jewels_CPU/Jewels_CPU/kernel.cu(155): warning C4244: '=': conversion from 'int' to 'float', possible loss of data
C:/Users/Altehon/Documents/jeweler/CUDA_Jewels/CUDA_Jewels/Jewels_CPU/Jewels_CPU/kernel.cu(159): warning C4244: '=': conversion from 'int' to 'float', possible loss of data
C:/Users/Altehon/Documents/jeweler/CUDA_Jewels/CUDA_Jewels/Jewels_CPU/Jewels_CPU/kernel.cu(160): warning C4244: '=': conversion from 'int' to 'float', possible loss of data
C:/Users/Altehon/Documents/jeweler/CUDA_Jewels/CUDA_Jewels/Jewels_CPU/Jewels_CPU/kernel.cu(164): warning C4244: '=': conversion from 'int' to 'float', possible loss of data
C:/Users/Altehon/Documents/jeweler/CUDA_Jewels/CUDA_Jewels/Jewels_CPU/Jewels_CPU/kernel.cu(165): warning C4244: '=': conversion from 'int' to 'float', possible loss of data
C:/Users/Altehon/Documents/jeweler/CUDA_Jewels/CUDA_Jewels/Jewels_CPU/Jewels_CPU/kernel.cu(202): warning C4244: '=': conversion from 'int' to 'float', possible loss of data
C:/Users/Altehon/Documents/jeweler/CUDA_Jewels/CUDA_Jewels/Jewels_CPU/Jewels_CPU/kernel.cu(203): warning C4244: '=': conversion from 'int' to 'float', possible loss of data
C:/Users/Altehon/Documents/jeweler/CUDA_Jewels/CUDA_Jewels/Jewels_CPU/Jewels_CPU/kernel.cu(207): warning C4244: '=': conversion from 'int' to 'float', possible loss of data
C:/Users/Altehon/Documents/jeweler/CUDA_Jewels/CUDA_Jewels/Jewels_CPU/Jewels_CPU/kernel.cu(208): warning C4244: '=': conversion from 'int' to 'float', possible loss of data
C:/Users/Altehon/Documents/jeweler/CUDA_Jewels/CUDA_Jewels/Jewels_CPU/Jewels_CPU/kernel.cu(212): warning C4244: '=': conversion from 'int' to 'float', possible loss of data
C:/Users/Altehon/Documents/jeweler/CUDA_Jewels/CUDA_Jewels/Jewels_CPU/Jewels_CPU/kernel.cu(213): warning C4244: '=': conversion from 'int' to 'float', possible loss of data
C:/Users/Altehon/Documents/jeweler/CUDA_Jewels/CUDA_Jewels/Jewels_CPU/Jewels_CPU/kernel.cu(259): warning C4244: '=': conversion from 'float' to 'int', possible loss of data
C:/Users/Altehon/Documents/jeweler/CUDA_Jewels/CUDA_Jewels/Jewels_CPU/Jewels_CPU/kernel.cu(262): warning C4244: '=': conversion from 'int' to 'float', possible loss of data
C:/Users/Altehon/Documents/jeweler/CUDA_Jewels/CUDA_Jewels/Jewels_CPU/Jewels_CPU/kernel.cu(302): warning C4244: '=': conversion from 'int' to 'float', possible loss of data
C:/Users/Altehon/Documents/jeweler/CUDA_Jewels/CUDA_Jewels/Jewels_CPU/Jewels_CPU/kernel.cu(323): warning C4244: '=': conversion from 'float' to 'int', possible loss of data
C:/Users/Altehon/Documents/jeweler/CUDA_Jewels/CUDA_Jewels/Jewels_CPU/Jewels_CPU/kernel.cu(338): warning C4244: '=': conversion from 'int' to 'float', possible loss of data
C:/Users/Altehon/Documents/jeweler/CUDA_Jewels/CUDA_Jewels/Jewels_CPU/Jewels_CPU/kernel.cu(339): warning C4244: '=': conversion from 'int' to 'float', possible loss of data
C:/Users/Altehon/Documents/jeweler/CUDA_Jewels/CUDA_Jewels/Jewels_CPU/Jewels_CPU/kernel.cu(344): warning C4244: '=': conversion from 'int' to 'float', possible loss of data
C:/Users/Altehon/Documents/jeweler/CUDA_Jewels/CUDA_Jewels/Jewels_CPU/Jewels_CPU/kernel.cu(345): warning C4244: '=': conversion from 'int' to 'float', possible loss of data
C:/Users/Altehon/Documents/jeweler/CUDA_Jewels/CUDA_Jewels/Jewels_CPU/Jewels_CPU/kernel.cu(381): warning C4244: '=': conversion from 'int' to 'float', possible loss of data
C:/Users/Altehon/Documents/jeweler/CUDA_Jewels/CUDA_Jewels/Jewels_CPU/Jewels_CPU/kernel.cu(415): warning C4244: '=': conversion from 'int' to 'float', possible loss of data
C:/Users/Altehon/Documents/jeweler/CUDA_Jewels/CUDA_Jewels/Jewels_CPU/Jewels_CPU/kernel.cu(429): warning C4244: '=': conversion from 'int' to 'float', possible loss of data
  Jewels_CPU.vcxproj -> C:\Users\Altehon\Documents\jeweler\CUDA_Jewels\CUDA_Jewels\Jewels_CPU\x64\Debug\Jewels_CPU.exe
  Jewels_CPU.vcxproj -> C:\Users\Altehon\Documents\jeweler\CUDA_Jewels\CUDA_Jewels\Jewels_CPU\x64\Debug\Jewels_CPU.pdb (Full PDB)
  copy "C:\Program Files\NVIDIA GPU Computing Toolkit\CUDA\v8.0\bin\cudart*.dll" "C:\Users\Altehon\Documents\jeweler\CUDA_Jewels\CUDA_Jewels\Jewels_CPU\x64\Debug\"
  C:\Program Files\NVIDIA GPU Computing Toolkit\CUDA\v8.0\bin\cudart32_80.dll
  C:\Program Files\NVIDIA GPU Computing Toolkit\CUDA\v8.0\bin\cudart64_80.dll
          2 archivo(s) copiado(s).
