  
  C:\Users\Altehon\Documents\jeweler\CUDA_Jewels\Jewels\Jewels>"C:\Program Files\NVIDIA GPU Computing Toolkit\CUDA\v8.0\bin\nvcc.exe" -ccbin "C:\Program Files (x86)\Microsoft Visual Studio 14.0\VC\bin"  -I"C:\Program Files\NVIDIA GPU Computing Toolkit\CUDA\v8.0\include" -I"C:\Program Files\NVIDIA GPU Computing Toolkit\CUDA\v8.0\include"  -G   --keep-dir Debug -maxrregcount=0  --machine 32 --compile   -g   -DWIN32 -D_DEBUG -D_CONSOLE -D_MBCS -Xcompiler "/EHsc /W3 /nologo /Od /FS /Zi /RTC1 /MDd " -o Debug\kernel.cu.obj "C:\Users\Altehon\Documents\jeweler\CUDA_Jewels\Jewels\Jewels\kernel.cu" -clean 
CUDACOMPILE : nvcc warning : The 'compute_20', 'sm_20', and 'sm_21' architectures are deprecated, and may be removed in a future release (Use -Wno-deprecated-gpu-targets to suppress warning).
  kernel.cu
  Compiling CUDA source file kernel.cu...
  
  C:\Users\Altehon\Documents\jeweler\CUDA_Jewels\Jewels\Jewels>"C:\Program Files\NVIDIA GPU Computing Toolkit\CUDA\v8.0\bin\nvcc.exe" -gencode=arch=compute_20,code=\"sm_20,compute_20\" --use-local-env --cl-version 2015 -ccbin "C:\Program Files (x86)\Microsoft Visual Studio 14.0\VC\bin"  -I"C:\Program Files\NVIDIA GPU Computing Toolkit\CUDA\v8.0\include" -I"C:\Program Files\NVIDIA GPU Computing Toolkit\CUDA\v8.0\include"  -G   --keep-dir Debug -maxrregcount=0  --machine 32 --compile -cudart static  -g   -DWIN32 -D_DEBUG -D_CONSOLE -D_MBCS -Xcompiler "/EHsc /W3 /nologo /Od /FS /Zi /RTC1 /MDd " -o Debug\kernel.cu.obj "C:\Users\Altehon\Documents\jeweler\CUDA_Jewels\Jewels\Jewels\kernel.cu" 
C:/Users/Altehon/Documents/jeweler/CUDA_Jewels/Jewels/Jewels/kernel.cu(548): warning : variable "automatico" was set but never used
C:/Users/Altehon/Documents/jeweler/CUDA_Jewels/Jewels/Jewels/kernel.cu(549): warning : variable "TILE_WIDTH" was declared but never referenced
C:/Users/Altehon/Documents/jeweler/CUDA_Jewels/Jewels/Jewels/kernel.cu(548): warning : variable "automatico" was set but never used
C:/Users/Altehon/Documents/jeweler/CUDA_Jewels/Jewels/Jewels/kernel.cu(549): warning : variable "TILE_WIDTH" was declared but never referenced
CUDACOMPILE : nvcc warning : The 'compute_20', 'sm_20', and 'sm_21' architectures are deprecated, and may be removed in a future release (Use -Wno-deprecated-gpu-targets to suppress warning).
  kernel.cu
C:/Users/Altehon/Documents/jeweler/CUDA_Jewels/Jewels/Jewels/kernel.cu(65): warning C4244: '=': conversion from 'int' to 'float', possible loss of data
C:/Users/Altehon/Documents/jeweler/CUDA_Jewels/Jewels/Jewels/kernel.cu(70): warning C4244: '=': conversion from 'int' to 'float', possible loss of data
C:/Users/Altehon/Documents/jeweler/CUDA_Jewels/Jewels/Jewels/kernel.cu(75): warning C4244: '=': conversion from 'int' to 'float', possible loss of data
C:/Users/Altehon/Documents/jeweler/CUDA_Jewels/Jewels/Jewels/kernel.cu(112): warning C4244: '=': conversion from 'int' to 'float', possible loss of data
C:/Users/Altehon/Documents/jeweler/CUDA_Jewels/Jewels/Jewels/kernel.cu(117): warning C4244: '=': conversion from 'int' to 'float', possible loss of data
C:/Users/Altehon/Documents/jeweler/CUDA_Jewels/Jewels/Jewels/kernel.cu(122): warning C4244: '=': conversion from 'int' to 'float', possible loss of data
C:/Users/Altehon/Documents/jeweler/CUDA_Jewels/Jewels/Jewels/kernel.cu(265): warning C4244: '=': conversion from 'int' to 'float', possible loss of data
C:/Users/Altehon/Documents/jeweler/CUDA_Jewels/Jewels/Jewels/kernel.cu(266): warning C4244: '=': conversion from 'int' to 'float', possible loss of data
C:/Users/Altehon/Documents/jeweler/CUDA_Jewels/Jewels/Jewels/kernel.cu(271): warning C4244: '=': conversion from 'int' to 'float', possible loss of data
C:/Users/Altehon/Documents/jeweler/CUDA_Jewels/Jewels/Jewels/kernel.cu(272): warning C4244: '=': conversion from 'int' to 'float', possible loss of data
C:/Users/Altehon/Documents/jeweler/CUDA_Jewels/Jewels/Jewels/kernel.cu(278): warning C4244: '=': conversion from 'int' to 'float', possible loss of data
C:/Users/Altehon/Documents/jeweler/CUDA_Jewels/Jewels/Jewels/kernel.cu(279): warning C4244: '=': conversion from 'int' to 'float', possible loss of data
C:/Users/Altehon/Documents/jeweler/CUDA_Jewels/Jewels/Jewels/kernel.cu(313): warning C4244: '=': conversion from 'int' to 'float', possible loss of data
C:/Users/Altehon/Documents/jeweler/CUDA_Jewels/Jewels/Jewels/kernel.cu(314): warning C4244: '=': conversion from 'int' to 'float', possible loss of data
C:/Users/Altehon/Documents/jeweler/CUDA_Jewels/Jewels/Jewels/kernel.cu(318): warning C4244: '=': conversion from 'int' to 'float', possible loss of data
C:/Users/Altehon/Documents/jeweler/CUDA_Jewels/Jewels/Jewels/kernel.cu(319): warning C4244: '=': conversion from 'int' to 'float', possible loss of data
C:/Users/Altehon/Documents/jeweler/CUDA_Jewels/Jewels/Jewels/kernel.cu(325): warning C4244: '=': conversion from 'int' to 'float', possible loss of data
C:/Users/Altehon/Documents/jeweler/CUDA_Jewels/Jewels/Jewels/kernel.cu(326): warning C4244: '=': conversion from 'int' to 'float', possible loss of data
C:/Users/Altehon/Documents/jeweler/CUDA_Jewels/Jewels/Jewels/kernel.cu(485): warning C4244: '=': conversion from 'float' to 'int', possible loss of data
C:/Users/Altehon/Documents/jeweler/CUDA_Jewels/Jewels/Jewels/kernel.cu(488): warning C4244: '=': conversion from 'int' to 'float', possible loss of data
  Jewels.vcxproj -> C:\Users\Altehon\Documents\jeweler\CUDA_Jewels\Jewels\Debug\Jewels.exe
  Jewels.vcxproj -> C:\Users\Altehon\Documents\jeweler\CUDA_Jewels\Jewels\Debug\Jewels.pdb (Full PDB)
  copy "C:\Program Files\NVIDIA GPU Computing Toolkit\CUDA\v8.0\bin\cudart*.dll" "C:\Users\Altehon\Documents\jeweler\CUDA_Jewels\Jewels\Debug\"
  C:\Program Files\NVIDIA GPU Computing Toolkit\CUDA\v8.0\bin\cudart32_80.dll
  C:\Program Files\NVIDIA GPU Computing Toolkit\CUDA\v8.0\bin\cudart64_80.dll
          2 archivo(s) copiado(s).
