  
  C:\Users\Altehon\Documents\TEST\CUDA_Jewels\Jewels_GPU\Jewels>"C:\Program Files\NVIDIA GPU Computing Toolkit\CUDA\v8.0\bin\nvcc.exe" -ccbin "C:\Program Files (x86)\Microsoft Visual Studio 14.0\VC\bin\x86_amd64"  -I"C:\Program Files\NVIDIA GPU Computing Toolkit\CUDA\v8.0\include" -I"C:\Program Files\NVIDIA GPU Computing Toolkit\CUDA\v8.0\include"  -G   --keep-dir x64\Debug -maxrregcount=0  --machine 64 --compile   -g   -DWIN32 -DWIN64 -D_DEBUG -D_CONSOLE -D_MBCS -Xcompiler "/EHsc /W3 /nologo /Od /FS /Zi /RTC1 /MDd " -o x64\Debug\kernel.cu.obj "C:\Users\Altehon\Documents\TEST\CUDA_Jewels\Jewels_GPU\Jewels\kernel.cu" -clean 
CUDACOMPILE : nvcc warning : The 'compute_20', 'sm_20', and 'sm_21' architectures are deprecated, and may be removed in a future release (Use -Wno-deprecated-gpu-targets to suppress warning).
  kernel.cu
  Compiling CUDA source file kernel.cu...
  
  C:\Users\Altehon\Documents\TEST\CUDA_Jewels\Jewels_GPU\Jewels>"C:\Program Files\NVIDIA GPU Computing Toolkit\CUDA\v8.0\bin\nvcc.exe" -gencode=arch=compute_35,code=\"sm_35,compute_35\" --use-local-env --cl-version 2015 -ccbin "C:\Program Files (x86)\Microsoft Visual Studio 14.0\VC\bin\x86_amd64" -rdc=true -I"C:\Program Files\NVIDIA GPU Computing Toolkit\CUDA\v8.0\include" -I"C:\Program Files\NVIDIA GPU Computing Toolkit\CUDA\v8.0\include"  -G   --keep-dir x64\Debug -maxrregcount=0  --machine 64 --compile -cudart static  -g   -DWIN32 -DWIN64 -D_DEBUG -D_CONSOLE -D_MBCS -Xcompiler "/EHsc /W3 /nologo /Od /FS /Zi /RTC1 /MDd " -o x64\Debug\kernel.cu.obj "C:\Users\Altehon\Documents\TEST\CUDA_Jewels\Jewels_GPU\Jewels\kernel.cu" 
  kernel.cu
C:/Users/Altehon/Documents/TEST/CUDA_Jewels/Jewels_GPU/Jewels/kernel.cu(230): warning C4244: '=': conversion from 'int' to 'float', possible loss of data
C:/Users/Altehon/Documents/TEST/CUDA_Jewels/Jewels_GPU/Jewels/kernel.cu(231): warning C4244: '=': conversion from 'int' to 'float', possible loss of data
C:/Users/Altehon/Documents/TEST/CUDA_Jewels/Jewels_GPU/Jewels/kernel.cu(235): warning C4244: '=': conversion from 'int' to 'float', possible loss of data
C:/Users/Altehon/Documents/TEST/CUDA_Jewels/Jewels_GPU/Jewels/kernel.cu(236): warning C4244: '=': conversion from 'int' to 'float', possible loss of data
C:/Users/Altehon/Documents/TEST/CUDA_Jewels/Jewels_GPU/Jewels/kernel.cu(240): warning C4244: '=': conversion from 'int' to 'float', possible loss of data
C:/Users/Altehon/Documents/TEST/CUDA_Jewels/Jewels_GPU/Jewels/kernel.cu(241): warning C4244: '=': conversion from 'int' to 'float', possible loss of data
C:/Users/Altehon/Documents/TEST/CUDA_Jewels/Jewels_GPU/Jewels/kernel.cu(272): warning C4244: '=': conversion from 'int' to 'float', possible loss of data
C:/Users/Altehon/Documents/TEST/CUDA_Jewels/Jewels_GPU/Jewels/kernel.cu(273): warning C4244: '=': conversion from 'int' to 'float', possible loss of data
C:/Users/Altehon/Documents/TEST/CUDA_Jewels/Jewels_GPU/Jewels/kernel.cu(277): warning C4244: '=': conversion from 'int' to 'float', possible loss of data
C:/Users/Altehon/Documents/TEST/CUDA_Jewels/Jewels_GPU/Jewels/kernel.cu(278): warning C4244: '=': conversion from 'int' to 'float', possible loss of data
C:/Users/Altehon/Documents/TEST/CUDA_Jewels/Jewels_GPU/Jewels/kernel.cu(282): warning C4244: '=': conversion from 'int' to 'float', possible loss of data
C:/Users/Altehon/Documents/TEST/CUDA_Jewels/Jewels_GPU/Jewels/kernel.cu(283): warning C4244: '=': conversion from 'int' to 'float', possible loss of data
C:/Users/Altehon/Documents/TEST/CUDA_Jewels/Jewels_GPU/Jewels/kernel.cu(323): warning C4244: '=': conversion from 'float' to 'int', possible loss of data
C:/Users/Altehon/Documents/TEST/CUDA_Jewels/Jewels_GPU/Jewels/kernel.cu(326): warning C4244: '=': conversion from 'int' to 'float', possible loss of data
C:/Users/Altehon/Documents/TEST/CUDA_Jewels/Jewels_GPU/Jewels/kernel.cu(388): warning C4244: '=': conversion from 'float' to 'int', possible loss of data
  
  C:\Users\Altehon\Documents\TEST\CUDA_Jewels\Jewels_GPU\Jewels>"C:\Program Files\NVIDIA GPU Computing Toolkit\CUDA\v8.0\bin\nvcc.exe" -dlink -o x64\Debug\Jewels_GPU.device-link.obj -Xcompiler "/EHsc /W3 /nologo /Od /Zi /RTC1 /MDd " -L"C:\Program Files\NVIDIA GPU Computing Toolkit\CUDA\v8.0\lib\x64" cudart.lib kernel32.lib cudadevrt.lib user32.lib gdi32.lib winspool.lib comdlg32.lib advapi32.lib shell32.lib ole32.lib oleaut32.lib uuid.lib odbc32.lib odbccp32.lib  -gencode=arch=compute_35,code=sm_35 -G --machine 64 x64\Debug\kernel.cu.obj 
  cudart.lib
  kernel32.lib
  cudadevrt.lib
  user32.lib
  gdi32.lib
  winspool.lib
  comdlg32.lib
  advapi32.lib
  shell32.lib
  ole32.lib
  oleaut32.lib
  uuid.lib
  odbc32.lib
  odbccp32.lib
  kernel.cu.obj
  Jewels.vcxproj -> C:\Users\Altehon\Documents\TEST\CUDA_Jewels\Jewels_GPU\x64\Debug\Jewels_GPU.exe
  Jewels.vcxproj -> C:\Users\Altehon\Documents\TEST\CUDA_Jewels\Jewels_GPU\x64\Debug\Jewels_GPU.pdb (Full PDB)
  copy "C:\Program Files\NVIDIA GPU Computing Toolkit\CUDA\v8.0\bin\cudart*.dll" "C:\Users\Altehon\Documents\TEST\CUDA_Jewels\Jewels_GPU\x64\Debug\"
  C:\Program Files\NVIDIA GPU Computing Toolkit\CUDA\v8.0\bin\cudart32_80.dll
  C:\Program Files\NVIDIA GPU Computing Toolkit\CUDA\v8.0\bin\cudart64_80.dll
          2 archivo(s) copiado(s).
